<!--
SCENARIO 1: Insider Threat - USB Data Exfiltration
Timeline: Employee "john.miller" inserts unauthorized USB drive and copies sensitive files
Threat Level: HIGH - Insider Threat, Data Exfiltration
OCSF Mapping: Device Activity, File System Activity, Process Activity
-->

<!-- EVENT 1: USB Device Insertion (Windows Security Event ID 4663 - Object Access) -->
<Event xmlns="http://schemas.microsoft.com/win/2004/08/events/event">
  <System>
    <Provider Name="Microsoft-Windows-Security-Auditing" Guid="{54849625-5478-4994-A5BA-3E3B0328C30D}" />
    <EventID>4663</EventID>
    <Version>1</Version>
    <Level>0</Level>
    <Task>12800</Task>
    <Opcode>0</Opcode>
    <Keywords>0x8020000000000000</Keywords>
    <TimeCreated SystemTime="2025-12-01T14:23:45.123Z" />
    <EventRecordID>892341</EventRecordID>
    <Correlation ActivityID="{A1B2C3D4-E5F6-4A5B-8C9D-0E1F2A3B4C5D}" />
    <Execution ProcessID="4" ThreadID="8912" />
    <Channel>Security</Channel>
    <Computer>NSA-WORKSTATION-057.natsec.gov</Computer>
    <Security />
  </System>
  <EventData>
    <Data Name="SubjectUserSid">S-1-5-21-3623811015-3361044348-30300820-1013</Data>
    <Data Name="SubjectUserName">john.miller</Data>
    <Data Name="SubjectDomainName">NATSEC</Data>
    <Data Name="SubjectLogonId">0x3e7abc</Data>
    <Data Name="ObjectServer">Security</Data>
    <Data Name="ObjectType">File</Data>
    <Data Name="ObjectName">\Device\HarddiskVolume4</Data>
    <Data Name="HandleId">0x1a2b3c4d</Data>
    <Data Name="AccessList">%%4416 (ReadData/ListDirectory)</Data>
    <Data Name="AccessMask">0x1</Data>
    <Data Name="ProcessId">0x1234</Data>
    <Data Name="ProcessName">C:\Windows\explorer.exe</Data>
    <Data Name="ResourceAttributes">S:AI(RA;ID;;;;WD;("Project","Classification","SECRET"))</Data>
  </EventData>
</Event>

<!-- EVENT 2: Sysmon Event ID 1 - Suspicious Process (copying to USB) -->
<Event xmlns="http://schemas.microsoft.com/win/2004/08/events/event">
  <System>
    <Provider Name="Microsoft-Windows-Sysmon" Guid="{5770385F-C22A-43E0-BF4C-06F5698FFBD9}" />
    <EventID>1</EventID>
    <Version>5</Version>
    <Level>4</Level>
    <Task>1</Task>
    <Opcode>0</Opcode>
    <Keywords>0x8000000000000000</Keywords>
    <TimeCreated SystemTime="2025-12-01T14:24:12.456Z" />
    <EventRecordID>523891</EventRecordID>
    <Correlation />
    <Execution ProcessID="2548" ThreadID="3612" />
    <Channel>Microsoft-Windows-Sysmon/Operational</Channel>
    <Computer>NSA-WORKSTATION-057.natsec.gov</Computer>
    <Security UserID="S-1-5-18" />
  </System>
  <EventData>
    <Data Name="RuleName">technique_id=T1052,technique_name=Exfiltration Over Physical Medium</Data>
    <Data Name="UtcTime">2025-12-01 14:24:12.456</Data>
    <Data Name="ProcessGuid">{A1B2C3D4-5678-90AB-CDEF-1234567890AB}</Data>
    <Data Name="ProcessId">8924</Data>
    <Data Name="Image">C:\Windows\System32\xcopy.exe</Data>
    <Data Name="FileVersion">10.0.19041.1 (WinBuild.160101.0800)</Data>
    <Data Name="Description">Extended Copy Utility</Data>
    <Data Name="Product">Microsoft Windows Operating System</Data>
    <Data Name="Company">Microsoft Corporation</Data>
    <Data Name="OriginalFileName">XCOPY.EXE</Data>
    <Data Name="CommandLine">xcopy /E /H /Y "C:\Users\john.miller\Documents\CLASSIFIED\Nuclear_Sites_2025.xlsx" "E:\backup\"</Data>
    <Data Name="CurrentDirectory">C:\Users\john.miller\Documents\</Data>
    <Data Name="User">NATSEC\john.miller</Data>
    <Data Name="LogonGuid">{A1B2C3D4-5678-90AB-1111-222233334444}</Data>
    <Data Name="LogonId">0x3E7ABC</Data>
    <Data Name="TerminalSessionId">2</Data>
    <Data Name="IntegrityLevel">High</Data>
    <Data Name="Hashes">SHA256=F4E8A4B2C1D3E5F6A7B8C9D0E1F2A3B4C5D6E7F8A9B0C1D2E3F4A5B6C7D8E9F0</Data>
    <Data Name="ParentProcessGuid">{A1B2C3D4-5678-90AB-CDEF-AABBCCDDEEFF}</Data>
    <Data Name="ParentProcessId">4892</Data>
    <Data Name="ParentImage">C:\Windows\explorer.exe</Data>
    <Data Name="ParentCommandLine">C:\Windows\Explorer.EXE</Data>
    <Data Name="ParentUser">NATSEC\john.miller</Data>
  </EventData>
</Event>

<!-- EVENT 3: Sysmon Event ID 11 - File Creation on USB Drive -->
<Event xmlns="http://schemas.microsoft.com/win/2004/08/events/event">
  <System>
    <Provider Name="Microsoft-Windows-Sysmon" Guid="{5770385F-C22A-43E0-BF4C-06F5698FFBD9}" />
    <EventID>11</EventID>
    <Version>2</Version>
    <Level>4</Level>
    <Task>11</Task>
    <Opcode>0</Opcode>
    <Keywords>0x8000000000000000</Keywords>
    <TimeCreated SystemTime="2025-12-01T14:24:15.789Z" />
    <EventRecordID>523892</EventRecordID>
    <Correlation />
    <Execution ProcessID="2548" ThreadID="3612" />
    <Channel>Microsoft-Windows-Sysmon/Operational</Channel>
    <Computer>NSA-WORKSTATION-057.natsec.gov</Computer>
    <Security UserID="S-1-5-18" />
  </System>
  <EventData>
    <Data Name="RuleName">technique_id=T1052.001,technique_name=Exfiltration over USB</Data>
    <Data Name="UtcTime">2025-12-01 14:24:15.789</Data>
    <Data Name="ProcessGuid">{A1B2C3D4-5678-90AB-CDEF-1234567890AB}</Data>
    <Data Name="ProcessId">8924</Data>
    <Data Name="Image">C:\Windows\System32\xcopy.exe</Data>
    <Data Name="TargetFilename">E:\backup\Nuclear_Sites_2025.xlsx</Data>
    <Data Name="CreationUtcTime">2025-12-01 14:24:15.789</Data>
    <Data Name="User">NATSEC\john.miller</Data>
  </EventData>
</Event>

<!-- EVENT 4: Windows Security Event ID 4663 - File Access Audit (CLASSIFIED document) -->
<Event xmlns="http://schemas.microsoft.com/win/2004/08/events/event">
  <System>
    <Provider Name="Microsoft-Windows-Security-Auditing" Guid="{54849625-5478-4994-A5BA-3E3B0328C30D}" />
    <EventID>4663</EventID>
    <Version>1</Version>
    <Level>0</Level>
    <Task>12800</Task>
    <Opcode>0</Opcode>
    <Keywords>0x8020000000000000</Keywords>
    <TimeCreated SystemTime="2025-12-01T14:24:10.234Z" />
    <EventRecordID>892342</EventRecordID>
    <Correlation />
    <Execution ProcessID="4" ThreadID="8916" />
    <Channel>Security</Channel>
    <Computer>NSA-WORKSTATION-057.natsec.gov</Computer>
    <Security />
  </System>
  <EventData>
    <Data Name="SubjectUserSid">S-1-5-21-3623811015-3361044348-30300820-1013</Data>
    <Data Name="SubjectUserName">john.miller</Data>
    <Data Name="SubjectDomainName">NATSEC</Data>
    <Data Name="SubjectLogonId">0x3e7abc</Data>
    <Data Name="ObjectServer">Security</Data>
    <Data Name="ObjectType">File</Data>
    <Data Name="ObjectName">C:\Users\john.miller\Documents\CLASSIFIED\Nuclear_Sites_2025.xlsx</Data>
    <Data Name="HandleId">0x5e6f7a8b</Data>
    <Data Name="AccessList">%%4416 (ReadData), %%4417 (WriteData)</Data>
    <Data Name="AccessMask">0x3</Data>
    <Data Name="ProcessId">0x22DC</Data>
    <Data Name="ProcessName">C:\Windows\System32\xcopy.exe</Data>
    <Data Name="ResourceAttributes">S:AI(RA;ID;;;;WD;("Classification","TOP SECRET//SCI"))</Data>
  </EventData>
</Event>
